<?xml version="1.0" encoding="UTF-8"?>
<coverage generated="1677594926314" clover="3.2.0">
  <project timestamp="1677594926314" name="All files">
    <metrics statements="4" coveredstatements="4" conditionals="0" coveredconditionals="0" methods="1" coveredmethods="1" elements="5" coveredelements="5" complexity="0" loc="4" ncloc="4" packages="1" files="1" classes="1"/>
    <file name="removeSabor.js" path="/home/theussramos/trybe/trybe-exercicios/fundamentos/secao-06-js-es6-testes-unitarios/dia-03-matchers/removeSabor.js">
      <metrics statements="4" coveredstatements="4" conditionals="0" coveredconditionals="0" methods="1" coveredmethods="1"/>
      <line num="1" count="1" type="stmt"/>
      <line num="2" count="3" type="stmt"/>
      <line num="3" count="3" type="stmt"/>
      <line num="6" count="1" type="stmt"/>
    </file>
  </project>
</coverage>
