{"/home/theussramos/trybe/trybe-exercicios/fundamentos/secao-06-js-es6-testes-unitarios/dia-03-matchers/removeSabor.js": {"path":"/home/theussramos/trybe/trybe-exercicios/fundamentos/secao-06-js-es6-testes-unitarios/dia-03-matchers/removeSabor.js","statementMap":{"0":{"start":{"line":1,"column":21},"end":{"line":4,"column":1}},"1":{"start":{"line":2,"column":4},"end":{"line":2,"column":49}},"2":{"start":{"line":3,"column":4},"end":{"line":3,"column":17}},"3":{"start":{"line":6,"column":0},"end":{"line":6,"column":30}}},"fnMap":{"0":{"name":"(anonymous_0)","decl":{"start":{"line":1,"column":21},"end":{"line":1,"column":22}},"loc":{"start":{"line":1,"column":41},"end":{"line":4,"column":1}},"line":1}},"branchMap":{},"s":{"0":1,"1":3,"2":3,"3":1},"f":{"0":3},"b":{},"_coverageSchema":"1a1c01bbd47fc00a2c39e90264f33305004495a9","hash":"c081a3161fed1835fa63cc13831ed0af09138566"}
}
